[Licensing::Module] Trying to connect to existing licensing client channel...
Built from '6000.3/staging' branch; Version is '6000.3.2f1 (a9779f353c9b) revision 11106207'; Using compiler version '194234433'; Build Type 'Release'
OS: 'Windows 10  (10.0.19045) 64bit Core' Language: 'en' Physical Memory: 24504 MB
[Licensing::IpcConnector] Successfully connected to: "LicenseClient-tiago" at "2026-01-04T22:17:31.9026627Z"
BatchMode: 1, IsHumanControllingUs: 0, StartBugReporterOnCrash: 0, Is64bit: 1
Date: 2026-01-04T22:17:31Z

COMMAND LINE ARGUMENTS:
C:\Program Files\Unity\Hub\Editor\6000.3.2f1\Editor\Unity.exe
-adb2
-batchMode
-noUpm
-name
AssetImportWorker1
-projectPath
C:/Users/tiago/Downloads/Cool-Math-master/Cool-Math-master
-logFile
Logs/AssetImportWorker1.log
-srvPort
61480
-licensingIpc
LicenseClient-tiago
-job-worker-count
5
-background-job-worker-count
8
-gc-helper-count
1
-name
AssetImport
Successfully changed project path to: C:/Users/tiago/Downloads/Cool-Math-master/Cool-Math-master
C:/Users/tiago/Downloads/Cool-Math-master/Cool-Math-master
[UnityMemory] Configuration Parameters - Can be set up in boot.config
    "memorysetup-temp-allocator-size-nav-mesh-worker=65536"
    "memorysetup-temp-allocator-size-audio-worker=65536"
    "memorysetup-temp-allocator-size-gfx=262144"
    "memorysetup-allocator-temp-initial-block-size-main=262144"
    "memorysetup-allocator-temp-initial-block-size-worker=262144"
    "memorysetup-temp-allocator-size-background-worker=32768"
    "memorysetup-temp-allocator-size-job-worker=262144"
    "memorysetup-temp-allocator-size-preload-manager=33554432"
    "memorysetup-temp-allocator-size-gi-baking-worker=262144"
    "memorysetup-temp-allocator-size-gi-baking-worker=262144"
    "memorysetup-temp-allocator-size-gi-baking-worker=262144"
    "memorysetup-temp-allocator-size-gi-baking-worker=262144"
    "memorysetup-temp-allocator-size-gi-baking-worker=262144"
    "memorysetup-bucket-allocator-granularity=16"
    "memorysetup-bucket-allocator-bucket-count=8"
    "memorysetup-bucket-allocator-block-size=33554432"
    "memorysetup-bucket-allocator-block-count=8"
    "memorysetup-main-allocator-block-size=16777216"
    "memorysetup-thread-allocator-block-size=16777216"
    "memorysetup-gfx-main-allocator-block-size=16777216"
    "memorysetup-gfx-thread-allocator-block-size=16777216"
    "memorysetup-cache-allocator-block-size=4194304"
    "memorysetup-typetree-allocator-block-size=2097152"
    "memorysetup-profiler-bucket-allocator-granularity=16"
    "memorysetup-profiler-bucket-allocator-bucket-count=8"
    "memorysetup-profiler-bucket-allocator-block-size=33554432"
    "memorysetup-profiler-bucket-allocator-block-count=8"
    "memorysetup-profiler-allocator-block-size=16777216"
    "memorysetup-profiler-editor-allocator-block-size=1048576"
    "memorysetup-temp-allocator-size-main=16777216"
    "memorysetup-job-temp-allocator-block-size=2097152"
    "memorysetup-job-temp-allocator-block-size-background=1048576"
    "memorysetup-job-temp-allocator-reduction-small-platforms=262144"
    "memorysetup-temp-allocator-size-cloud-worker=32768"
Player connection [10180]  Target information:

Player connection [10180]  * "[IP] 192.168.1.125 [Port] 0 [Flags] 2 [Guid] 542870739 [EditorId] 542870739 [Version] 1048832 [Id] WindowsEditor(7,DESKTOP-P65SQTE) [Debug] 1 [PackageName] WindowsEditor [ProjectName] Editor" 

Player connection [10180]  * "[IP] 26.98.8.5 [Port] 0 [Flags] 2 [Guid] 542870739 [EditorId] 542870739 [Version] 1048832 [Id] WindowsEditor(7,DESKTOP-P65SQTE) [Debug] 1 [PackageName] WindowsEditor [ProjectName] Editor" 

Player connection [10180] Host joined multi-casting on [225.0.0.222:54997]...
Player connection [10180] Host joined alternative multi-casting on [225.0.0.222:34997]...
JobSystem: Creating JobQueue using job-worker-count value 5
Input System module state changed to: Initialized.
[Physics::Module] Initialized fallback backend.
[Physics::Module] Id: 0xdecafbad
Library Redirect Path: Library/
[Physics::Module] Selected backend.
[Physics::Module] Name: PhysX
[Physics::Module] Id: 0xf2b8ea05
[Physics::Module] SDK Version: 4.1.2
[Physics::Module] Integration Version: 1.0.0
[Physics::Module] Threading Mode: Multi-Threaded
Refreshing native plugins compatible for Editor in 9.74 ms, found 2 plugins.
Preloading 0 native plugins for Editor in 0.00 ms.
Initialize engine version: 6000.3.2f1 (a9779f353c9b)
[Subsystems] Discovering subsystems at path C:/Program Files/Unity/Hub/Editor/6000.3.2f1/Editor/Data/Resources/UnitySubsystems
[Subsystems] Discovering subsystems at path C:/Users/tiago/Downloads/Cool-Math-master/Cool-Math-master/Assets
GfxDevice: creating device client; kGfxThreadingModeNonThreaded
Direct3D:
    Version:  Direct3D 11.0 [level 11.1]
    Renderer: NVIDIA GeForce GTX 1660 (ID=0x2184)
    Vendor:   NVIDIA
    VRAM:     5966 MB
    Driver:   32.0.15.7270
Initialize mono
Mono path[0] = 'C:/Program Files/Unity/Hub/Editor/6000.3.2f1/Editor/Data/Managed'
Mono path[1] = 'C:/Program Files/Unity/Hub/Editor/6000.3.2f1/Editor/Data/MonoBleedingEdge/lib/mono/unityjit-win32'
Mono config path = 'C:/Program Files/Unity/Hub/Editor/6000.3.2f1/Editor/Data/MonoBleedingEdge/etc'
Using monoOptions --debugger-agent=transport=dt_socket,embedding=1,server=y,suspend=n,address=127.0.0.1:56632
Begin MonoManager ReloadAssembly
Registering precompiled unity dll's ...
Register platform support module: C:/Program Files/Unity/Hub/Editor/6000.3.2f1/Editor/Data/PlaybackEngines/WebGLSupport/UnityEditor.WebGL.Extensions.dll
Register platform support module: C:/Program Files/Unity/Hub/Editor/6000.3.2f1/Editor/Data/PlaybackEngines/WindowsStandaloneSupport/UnityEditor.WindowsStandalone.Extensions.dll
Registered in 0.004918 seconds.
[Licensing::Client] Handshaking with LicensingClient:
  Version:                 1.17.4+4293ba1
  Session Id:              21fc7857c9284460b2ec6ee288589542
  Correlation Id:          2de17d29ce0e06c5e74a6bc95d5e9381
  External correlation Id: 4502691617269702600
  Machine Id:              Qt0cNjdlk9oRJvfhoDjz0F4mbOM=
[Licensing::Module] Successfully connected to LicensingClient on channel: "LicenseClient-tiago" (connect: 0.00s, validation: 0.00s, handshake: 1.28s)
[Licensing::IpcConnector] Successfully connected to: "LicenseClient-tiago-notifications" at "2026-01-04T22:17:33.1851378Z"
[Licensing::Module] Licensing Background thread has ended after 1.28s
- Loaded All Assemblies, in  0.637 seconds
Native extension for WindowsStandalone target not found
Native extension for WebGL target not found
Mono: successfully reloaded assembly
- Finished resetting the current domain, in  0.520 seconds
Domain Reload Profiling: 1151ms
	BeginReloadAssembly (209ms)
		ExecutionOrderSort (0ms)
		DisableScriptedObjects (0ms)
		BackupInstance (0ms)
		ReleaseScriptingObjects (0ms)
		CreateAndSetChildDomain (1ms)
	RebuildCommonClasses (58ms)
	RebuildNativeTypeToScriptingClass (22ms)
	initialDomainReloadingComplete (77ms)
	LoadAllAssembliesAndSetupDomain (265ms)
		LoadAssemblies (201ms)
		RebuildTransferFunctionScriptingTraits (0ms)
		AnalyzeDomain (261ms)
			TypeCache.Refresh (259ms)
				TypeCache.ScanAssembly (240ms)
			BuildScriptInfoCaches (0ms)
			ResolveRequiredComponents (0ms)
	FinalizeReload (520ms)
		ReleaseScriptCaches (0ms)
		RebuildScriptCaches (0ms)
		SetupLoadedEditorAssemblies (467ms)
			LogAssemblyErrors (0ms)
			InitializePlatformSupportModulesInManaged (61ms)
			SetLoadedEditorAssemblies (5ms)
			BeforeProcessingInitializeOnLoad (122ms)
			ProcessInitializeOnLoadAttributes (190ms)
			ProcessInitializeOnLoadMethodAttributes (88ms)
			AfterProcessingInitializeOnLoad (0ms)
			EditorAssembliesLoaded (0ms)
		ExecutionOrderSort2 (0ms)
		AwakeInstancesAfterBackupRestoration (0ms)
========================================================================
Worker process is ready to serve import requests
Import Worker Mode flag is 0x00
Begin MonoManager ReloadAssembly
[Licensing::Client] Successfully resolved entitlement details
[Licensing::Module] License group:
  Id: F4-GB2H-W646-J46Y-8X5A-XXXX
  Product: Unity Personal
  Type: ULF
  Expiration: Unlimited
[Licensing::Module] License group:
  Id: 6872783435799-UnityPersXXXX
  Product: Unity Personal
  Type: Assigned
  Expiration: Unlimited
Symbol file LoadedFromMemory is not a mono symbol file
- Loaded All Assemblies, in  0.926 seconds
Refreshing native plugins compatible for Editor in 5.78 ms, found 2 plugins.
Native extension for WindowsStandalone target not found
Native extension for WebGL target not found
Refreshing native plugins compatible for Editor in 7.29 ms, found 2 plugins.
Package Manager log level set to [2]
[Package Manager] Failed to launch server process. Reason: Unity was launched with the -noUpm command-line argument
[Package Manager] Unable to send message (not connected to server process).
[Package Manager] Cannot connect to Unity Package Manager local server
Mono: successfully reloaded assembly
- Finished resetting the current domain, in  0.913 seconds
Domain Reload Profiling: 1829ms
	BeginReloadAssembly (301ms)
		ExecutionOrderSort (0ms)
		DisableScriptedObjects (7ms)
		BackupInstance (0ms)
		ReleaseScriptingObjects (0ms)
		CreateAndSetChildDomain (66ms)
	RebuildCommonClasses (46ms)
	RebuildNativeTypeToScriptingClass (20ms)
	initialDomainReloadingComplete (60ms)
	LoadAllAssembliesAndSetupDomain (488ms)
		LoadAssemblies (499ms)
		RebuildTransferFunctionScriptingTraits (0ms)
		AnalyzeDomain (152ms)
			TypeCache.Refresh (115ms)
				TypeCache.ScanAssembly (100ms)
			BuildScriptInfoCaches (31ms)
			ResolveRequiredComponents (3ms)
	FinalizeReload (914ms)
		ReleaseScriptCaches (0ms)
		RebuildScriptCaches (0ms)
		SetupLoadedEditorAssemblies (781ms)
			LogAssemblyErrors (0ms)
			InitializePlatformSupportModulesInManaged (3ms)
			SetLoadedEditorAssemblies (5ms)
			BeforeProcessingInitializeOnLoad (193ms)
			ProcessInitializeOnLoadAttributes (335ms)
			ProcessInitializeOnLoadMethodAttributes (232ms)
			AfterProcessingInitializeOnLoad (13ms)
			EditorAssembliesLoaded (0ms)
		ExecutionOrderSort2 (0ms)
		AwakeInstancesAfterBackupRestoration (7ms)
Launched and connected shader compiler UnityShaderCompiler.exe after 0.01 seconds
Refreshing native plugins compatible for Editor in 9.08 ms, found 2 plugins.
Preloading 0 native plugins for Editor in 0.00 ms.
Unloading 0 Unused Serialized files (Serialized files now loaded: 0)
Unloading 2950 unused Assets / (159.4 KB). Loaded Objects now: 3516.
Memory consumption went from 88.0 MB to 87.9 MB.
Total: 18.327200 ms (FindLiveObjects: 0.694300 ms CreateObjectMapping: 0.260600 ms MarkObjects: 16.005100 ms  DeleteObjects: 1.364900 ms)

========================================================================
Received Import Request.
  Time since last request: 106286.415498 seconds.
  path: Assets/MobileDependencyResolver/Editor
  artifactKey: Guid(b42aa8acaabecbf943da2892de5e6aeb) Importer(2089858483,b0f066a214c2f5e87bad3c948f4d605d)
Start importing Assets/MobileDependencyResolver/Editor using Guid(b42aa8acaabecbf943da2892de5e6aeb) Importer(2089858483,b0f066a214c2f5e87bad3c948f4d605d) (ScriptedImporter) -> (artifact id: '80bbc8211b42c4be19e651e2f2be644a') in 0.0806142 seconds
Number of updated asset objects reloaded before import = 0Number of asset objects unloaded after import = 1

========================================================================
Received Import Request.
  Time since last request: 0.000017 seconds.
  path: Assets/MobileDependencyResolver/Editor/1.2.185/Google.JarResolver.pdb
  artifactKey: Guid(b7140e00752144509139e18bcf3536b6) Importer(2089858483,b0f066a214c2f5e87bad3c948f4d605d)
Start importing Assets/MobileDependencyResolver/Editor/1.2.185/Google.JarResolver.pdb using Guid(b7140e00752144509139e18bcf3536b6) Importer(2089858483,b0f066a214c2f5e87bad3c948f4d605d) (ScriptedImporter) -> (artifact id: '0ae35aaf7bee464808e16501d93775c3') in 0.0188405 seconds
Number of updated asset objects reloaded before import = 0Number of asset objects unloaded after import = 1

========================================================================
Received Import Request.
  Time since last request: 0.000030 seconds.
  path: Assets/MobileDependencyResolver
  artifactKey: Guid(e7f679112961a0f7f11fdb3f983aed77) Importer(2089858483,b0f066a214c2f5e87bad3c948f4d605d)
Start importing Assets/MobileDependencyResolver using Guid(e7f679112961a0f7f11fdb3f983aed77) Importer(2089858483,b0f066a214c2f5e87bad3c948f4d605d) (ScriptedImporter) -> (artifact id: 'b420f8051a3b3c1132ea8f6ec61365bc') in 0.0162515 seconds
Number of updated asset objects reloaded before import = 0Number of asset objects unloaded after import = 1

========================================================================
Received Import Request.
  Time since last request: 0.000021 seconds.
  path: Assets/MobileDependencyResolver/Editor/LICENSE
  artifactKey: Guid(a0a74f7579114ab58b46e496d4b2ba97) Importer(2089858483,b0f066a214c2f5e87bad3c948f4d605d)
Start importing Assets/MobileDependencyResolver/Editor/LICENSE using Guid(a0a74f7579114ab58b46e496d4b2ba97) Importer(2089858483,b0f066a214c2f5e87bad3c948f4d605d) (ScriptedImporter) -> (artifact id: '68c09ef995b12bd6ae39ac548b4b1810') in 0.0150501 seconds
Number of updated asset objects reloaded before import = 0Number of asset objects unloaded after import = 1

========================================================================
Received Import Request.
  Time since last request: 0.000019 seconds.
  path: Assets/MobileDependencyResolver/Editor/1.2.185/Google.IOSResolver.pdb
  artifactKey: Guid(e776230601db4ffbbbd4e1266bdcdc23) Importer(2089858483,b0f066a214c2f5e87bad3c948f4d605d)
Start importing Assets/MobileDependencyResolver/Editor/1.2.185/Google.IOSResolver.pdb using Guid(e776230601db4ffbbbd4e1266bdcdc23) Importer(2089858483,b0f066a214c2f5e87bad3c948f4d605d) (ScriptedImporter) -> (artifact id: 'd5dffb24d146cc57612e47102687b15b') in 0.0153662 seconds
Number of updated asset objects reloaded before import = 0Number of asset objects unloaded after import = 1

========================================================================
Received Import Request.
  Time since last request: 0.000016 seconds.
  path: Assets/MobileDependencyResolver/Editor/mobile-dependency-resolver_version-1.2.185_manifest.txt
  artifactKey: Guid(5e590a4aab514d859dd0ac8982d9e78c) Importer(2089858483,b0f066a214c2f5e87bad3c948f4d605d)
Start importing Assets/MobileDependencyResolver/Editor/mobile-dependency-resolver_version-1.2.185_manifest.txt using Guid(5e590a4aab514d859dd0ac8982d9e78c) Importer(2089858483,b0f066a214c2f5e87bad3c948f4d605d) (ScriptedImporter) -> (artifact id: '0a3413ed85d691910c0ef417489745ae') in 0.0159644 seconds
Number of updated asset objects reloaded before import = 0Number of asset objects unloaded after import = 1

========================================================================
Received Import Request.
  Time since last request: 0.000049 seconds.
  path: Assets/MobileDependencyResolver/Editor/1.2.185/Google.IOSResolver.dll
  artifactKey: Guid(a1a3cd348b3c4bbc82b68b73893f222a) Importer(2089858483,b0f066a214c2f5e87bad3c948f4d605d)
Start importing Assets/MobileDependencyResolver/Editor/1.2.185/Google.IOSResolver.dll using Guid(a1a3cd348b3c4bbc82b68b73893f222a) Importer(2089858483,b0f066a214c2f5e87bad3c948f4d605d) (ScriptedImporter) -> (artifact id: '7bd3fa447b56a1ec8b9a67e5a377ff70') in 0.0493798 seconds
Number of updated asset objects reloaded before import = 0Number of asset objects unloaded after import = 0

========================================================================
Received Prepare
Begin MonoManager ReloadAssembly
Symbol file LoadedFromMemory is not a mono symbol file
- Loaded All Assemblies, in  0.817 seconds
Refreshing native plugins compatible for Editor in 7.62 ms, found 2 plugins.
Native extension for WindowsStandalone target not found
Native extension for WebGL target not found
[Package Manager] Failed to launch server process. Reason: Unity was launched with the -noUpm command-line argument
[Package Manager] Unable to send message (not connected to server process).
[Package Manager] Cannot connect to Unity Package Manager local server
Mono: successfully reloaded assembly
- Finished resetting the current domain, in  1.105 seconds
Domain Reload Profiling: 1913ms
	BeginReloadAssembly (261ms)
		ExecutionOrderSort (0ms)
		DisableScriptedObjects (9ms)
		BackupInstance (0ms)
		ReleaseScriptingObjects (0ms)
		CreateAndSetChildDomain (53ms)
	RebuildCommonClasses (46ms)
	RebuildNativeTypeToScriptingClass (21ms)
	initialDomainReloadingComplete (40ms)
	LoadAllAssembliesAndSetupDomain (440ms)
		LoadAssemblies (463ms)
		RebuildTransferFunctionScriptingTraits (0ms)
		AnalyzeDomain (118ms)
			TypeCache.Refresh (9ms)
				TypeCache.ScanAssembly (0ms)
			BuildScriptInfoCaches (101ms)
			ResolveRequiredComponents (4ms)
	FinalizeReload (1105ms)
		ReleaseScriptCaches (0ms)
		RebuildScriptCaches (0ms)
		SetupLoadedEditorAssemblies (918ms)
			LogAssemblyErrors (0ms)
			InitializePlatformSupportModulesInManaged (3ms)
			SetLoadedEditorAssemblies (5ms)
			BeforeProcessingInitializeOnLoad (238ms)
			ProcessInitializeOnLoadAttributes (373ms)
			ProcessInitializeOnLoadMethodAttributes (285ms)
			AfterProcessingInitializeOnLoad (14ms)
			EditorAssembliesLoaded (0ms)
		ExecutionOrderSort2 (0ms)
		AwakeInstancesAfterBackupRestoration (8ms)
Refreshing native plugins compatible for Editor in 9.60 ms, found 2 plugins.
Preloading 0 native plugins for Editor in 0.00 ms.
Unloading 0 Unused Serialized files (Serialized files now loaded: 0)
Unloading 2948 unused Assets / (1.1 MB). Loaded Objects now: 3519.
Memory consumption went from 88.5 MB to 87.5 MB.
Total: 20.693400 ms (FindLiveObjects: 0.710700 ms CreateObjectMapping: 0.197900 ms MarkObjects: 17.751500 ms  DeleteObjects: 2.031300 ms)

Prepare: number of updated asset objects reloaded= 0
========================================================================
Received Import Request.
  Time since last request: 32.272806 seconds.
  path: Assets/Downloaded/2D GamesAssets_Free/_Backs/Mountain_A.png
  artifactKey: Guid(21ff4a02441e2449cb6bb7b157f095cb) Importer(815301076,1909f56bfc062723c751e8b465ee728b)
Start importing Assets/Downloaded/2D GamesAssets_Free/_Backs/Mountain_A.png using Guid(21ff4a02441e2449cb6bb7b157f095cb) Importer(815301076,1909f56bfc062723c751e8b465ee728b) (PreviewImporter) -> (artifact id: '20ea69e44407f3852378fcdc63d19e40') in 0.1263983 seconds
Number of updated asset objects reloaded before import = 0Number of asset objects unloaded after import = 3

========================================================================
Received Import Request.
  Time since last request: 1.850746 seconds.
  path: Assets/Downloaded/2D GamesAssets_Free/_Birds/Red_A_Frame_03.png
  artifactKey: Guid(6c1c00cb28497452b8fcc0d76bcb3663) Importer(815301076,1909f56bfc062723c751e8b465ee728b)
Start importing Assets/Downloaded/2D GamesAssets_Free/_Birds/Red_A_Frame_03.png using Guid(6c1c00cb28497452b8fcc0d76bcb3663) Importer(815301076,1909f56bfc062723c751e8b465ee728b) (PreviewImporter) -> (artifact id: '04bb65814f2fcd9c50b995abcd608478') in 0.0212232 seconds
Number of updated asset objects reloaded before import = 0Number of asset objects unloaded after import = 3

========================================================================
Received Import Request.
  Time since last request: 3.446091 seconds.
  path: Assets/Downloaded/2D GamesAssets_Free/_Items/Item_Heart_01.mat
  artifactKey: Guid(8cf8013227b284447ae192f751479fac) Importer(815301076,1909f56bfc062723c751e8b465ee728b)
Start importing Assets/Downloaded/2D GamesAssets_Free/_Items/Item_Heart_01.mat using Guid(8cf8013227b284447ae192f751479fac) Importer(815301076,1909f56bfc062723c751e8b465ee728b) (PreviewImporter) -> (artifact id: '0ca6ad2477c9ce919a3d842446efb031') in 0.0790321 seconds
Number of updated asset objects reloaded before import = 0Number of asset objects unloaded after import = 2

========================================================================
Received Import Request.
  Time since last request: 1.397398 seconds.
  path: Assets/Downloaded/2D GamesAssets_Free/_Nature/Tree_H.mat
  artifactKey: Guid(6f71bbcabbd814e0e8f22b8829049d96) Importer(815301076,1909f56bfc062723c751e8b465ee728b)
Start importing Assets/Downloaded/2D GamesAssets_Free/_Nature/Tree_H.mat using Guid(6f71bbcabbd814e0e8f22b8829049d96) Importer(815301076,1909f56bfc062723c751e8b465ee728b) (PreviewImporter) -> (artifact id: 'f2369669f408e26bb7ae8573f0f0bf73') in 0.0175485 seconds
Number of updated asset objects reloaded before import = 0Number of asset objects unloaded after import = 2

========================================================================
Received Import Request.
  Time since last request: 0.000019 seconds.
  path: Assets/Downloaded/2D GamesAssets_Free/_Nature/Tree_I.png
  artifactKey: Guid(11f19e7fcee004518b421c85bda46cc6) Importer(815301076,1909f56bfc062723c751e8b465ee728b)
Start importing Assets/Downloaded/2D GamesAssets_Free/_Nature/Tree_I.png using Guid(11f19e7fcee004518b421c85bda46cc6) Importer(815301076,1909f56bfc062723c751e8b465ee728b) (PreviewImporter) -> (artifact id: '1e8b53e45fc0b19b0c597607e864c1ab') in 0.0207707 seconds
Number of updated asset objects reloaded before import = 0Number of asset objects unloaded after import = 3

========================================================================
Received Import Request.
  Time since last request: 0.000022 seconds.
  path: Assets/Downloaded/2D GamesAssets_Free/_Nature/Tree_H.png
  artifactKey: Guid(275cc4a9bb64b4aeebec1abd74c45e5b) Importer(815301076,1909f56bfc062723c751e8b465ee728b)
Start importing Assets/Downloaded/2D GamesAssets_Free/_Nature/Tree_H.png using Guid(275cc4a9bb64b4aeebec1abd74c45e5b) Importer(815301076,1909f56bfc062723c751e8b465ee728b) (PreviewImporter) -> (artifact id: '22d2c5f0540699477dbd77145f41d8e6') in 0.035469 seconds
Number of updated asset objects reloaded before import = 0Number of asset objects unloaded after import = 3

========================================================================
Received Import Request.
  Time since last request: 0.000027 seconds.
  path: Assets/Downloaded/2D GamesAssets_Free/_Nature/Trees_A.mat
  artifactKey: Guid(a5117c79a73fe4cf79fbe212fbc49152) Importer(815301076,1909f56bfc062723c751e8b465ee728b)
Start importing Assets/Downloaded/2D GamesAssets_Free/_Nature/Trees_A.mat using Guid(a5117c79a73fe4cf79fbe212fbc49152) Importer(815301076,1909f56bfc062723c751e8b465ee728b) (PreviewImporter) -> (artifact id: '0a3e5529ad194d95f20de59d60601a63') in 0.0232241 seconds
Number of updated asset objects reloaded before import = 0Number of asset objects unloaded after import = 2

========================================================================
Received Import Request.
  Time since last request: 0.000022 seconds.
  path: Assets/Downloaded/2D GamesAssets_Free/_Nature/Tree_K.mat
  artifactKey: Guid(ff0c8e3cf11a14483b5ebc0d5d76b4c0) Importer(815301076,1909f56bfc062723c751e8b465ee728b)
Start importing Assets/Downloaded/2D GamesAssets_Free/_Nature/Tree_K.mat using Guid(ff0c8e3cf11a14483b5ebc0d5d76b4c0) Importer(815301076,1909f56bfc062723c751e8b465ee728b) (PreviewImporter) -> (artifact id: 'cdea279baf2e4426a10fb5fd04731806') in 0.0210316 seconds
Number of updated asset objects reloaded before import = 0Number of asset objects unloaded after import = 2

========================================================================
Received Import Request.
  Time since last request: 7.104596 seconds.
  path: Assets/Downloaded/Gui/Cartoon Button/Icon/Icon_21.png
  artifactKey: Guid(908be7276ca28784bb29c44949c899a6) Importer(815301076,1909f56bfc062723c751e8b465ee728b)
Start importing Assets/Downloaded/Gui/Cartoon Button/Icon/Icon_21.png using Guid(908be7276ca28784bb29c44949c899a6) Importer(815301076,1909f56bfc062723c751e8b465ee728b) (PreviewImporter) -> (artifact id: '34caec3a91bd4f433d351233ffd0bc2f') in 0.0206739 seconds
Number of updated asset objects reloaded before import = 0Number of asset objects unloaded after import = 3

========================================================================
Received Import Request.
  Time since last request: 0.000020 seconds.
  path: Assets/Downloaded/Gui/Cartoon Button/Icon/Icon_23.png
  artifactKey: Guid(ae0ce5b40657b0f4a9cc18f1b45c0d8a) Importer(815301076,1909f56bfc062723c751e8b465ee728b)
Start importing Assets/Downloaded/Gui/Cartoon Button/Icon/Icon_23.png using Guid(ae0ce5b40657b0f4a9cc18f1b45c0d8a) Importer(815301076,1909f56bfc062723c751e8b465ee728b) (PreviewImporter) -> (artifact id: '83862a5480ff322eb3412cf083eefa98') in 0.0233911 seconds
Number of updated asset objects reloaded before import = 0Number of asset objects unloaded after import = 3

========================================================================
Received Import Request.
  Time since last request: 0.995129 seconds.
  path: Assets/Downloaded/Gui/Cartoon Button/Icon/Circle/Icon_3.png
  artifactKey: Guid(03c45280825e57b429c8a6db480bd90f) Importer(815301076,1909f56bfc062723c751e8b465ee728b)
Start importing Assets/Downloaded/Gui/Cartoon Button/Icon/Circle/Icon_3.png using Guid(03c45280825e57b429c8a6db480bd90f) Importer(815301076,1909f56bfc062723c751e8b465ee728b) (PreviewImporter) -> (artifact id: '0e6b74016dda7969591f56c3c76431fe') in 0.023168 seconds
Number of updated asset objects reloaded before import = 0Number of asset objects unloaded after import = 3

========================================================================
Received Import Request.
  Time since last request: 0.000017 seconds.
  path: Assets/Downloaded/Gui/Cartoon Button/Icon/Circle/Icon_8.png
  artifactKey: Guid(c5bf6f42d955eec459a493037b136559) Importer(815301076,1909f56bfc062723c751e8b465ee728b)
Start importing Assets/Downloaded/Gui/Cartoon Button/Icon/Circle/Icon_8.png using Guid(c5bf6f42d955eec459a493037b136559) Importer(815301076,1909f56bfc062723c751e8b465ee728b) (PreviewImporter) -> (artifact id: 'f2b5ecdf1e7473fa00089c97c6c45e2c') in 0.02992 seconds
Number of updated asset objects reloaded before import = 0Number of asset objects unloaded after import = 3

========================================================================
Received Import Request.
  Time since last request: 0.000022 seconds.
  path: Assets/Downloaded/Gui/Cartoon Button/Icon/Circle/Icon_10.png
  artifactKey: Guid(ef0a5ad70f18c3948844f5249c26e396) Importer(815301076,1909f56bfc062723c751e8b465ee728b)
Start importing Assets/Downloaded/Gui/Cartoon Button/Icon/Circle/Icon_10.png using Guid(ef0a5ad70f18c3948844f5249c26e396) Importer(815301076,1909f56bfc062723c751e8b465ee728b) (PreviewImporter) -> (artifact id: '08394462837fbaf1907363148a4485cf') in 0.0436291 seconds
Number of updated asset objects reloaded before import = 0Number of asset objects unloaded after import = 3

========================================================================
Received Import Request.
  Time since last request: 0.000028 seconds.
  path: Assets/Downloaded/Gui/Cartoon Button/Icon/Circle/Icon_4.png
  artifactKey: Guid(a9fe6d7438136cc48ba2baf69eb7a9c9) Importer(815301076,1909f56bfc062723c751e8b465ee728b)
Start importing Assets/Downloaded/Gui/Cartoon Button/Icon/Circle/Icon_4.png using Guid(a9fe6d7438136cc48ba2baf69eb7a9c9) Importer(815301076,1909f56bfc062723c751e8b465ee728b) (PreviewImporter) -> (artifact id: '1c4b95e44c47588b229b20f3eedb5b30') in 0.0456049 seconds
Number of updated asset objects reloaded before import = 0Number of asset objects unloaded after import = 3

========================================================================
Received Import Request.
  Time since last request: 0.000022 seconds.
  path: Assets/Downloaded/Gui/Cartoon Button/Icon/Circle/Icon_15.png
  artifactKey: Guid(ffedc6ce71ed33b4c9346ef9c1282b59) Importer(815301076,1909f56bfc062723c751e8b465ee728b)
Start importing Assets/Downloaded/Gui/Cartoon Button/Icon/Circle/Icon_15.png using Guid(ffedc6ce71ed33b4c9346ef9c1282b59) Importer(815301076,1909f56bfc062723c751e8b465ee728b) (PreviewImporter) -> (artifact id: 'fb374908d36fed2cc15ca83ed9671b18') in 0.0307261 seconds
Number of updated asset objects reloaded before import = 0Number of asset objects unloaded after import = 3

========================================================================
Received Import Request.
  Time since last request: 0.000035 seconds.
  path: Assets/Downloaded/Gui/Cartoon Button/Icon/Circle/Icon_7.png
  artifactKey: Guid(4132e37321e958742885a18fe3c53b59) Importer(815301076,1909f56bfc062723c751e8b465ee728b)
Start importing Assets/Downloaded/Gui/Cartoon Button/Icon/Circle/Icon_7.png using Guid(4132e37321e958742885a18fe3c53b59) Importer(815301076,1909f56bfc062723c751e8b465ee728b) (PreviewImporter) -> (artifact id: 'c4d2a0b66f31d332ae384c84e8035c7b') in 0.025391 seconds
Number of updated asset objects reloaded before import = 0Number of asset objects unloaded after import = 3

========================================================================
Received Prepare
Begin MonoManager ReloadAssembly
[Licensing::Client] Successfully resolved entitlement details
[Licensing::Module] License group:
  Id: F4-GB2H-W646-J46Y-8X5A-XXXX
  Product: Unity Personal
  Type: ULF
  Expiration: Unlimited
[Licensing::Module] License group:
  Id: 6872783435799-UnityPersXXXX
  Product: Unity Personal
  Type: Assigned
  Expiration: Unlimited
Symbol file LoadedFromMemory is not a mono symbol file
- Loaded All Assemblies, in  0.789 seconds
Refreshing native plugins compatible for Editor in 6.11 ms, found 2 plugins.
Native extension for WindowsStandalone target not found
Native extension for WebGL target not found
[Package Manager] Failed to launch server process. Reason: Unity was launched with the -noUpm command-line argument
[Package Manager] Unable to send message (not connected to server process).
[Package Manager] Cannot connect to Unity Package Manager local server
Mono: successfully reloaded assembly
- Finished resetting the current domain, in  1.029 seconds
Domain Reload Profiling: 1811ms
	BeginReloadAssembly (249ms)
		ExecutionOrderSort (0ms)
		DisableScriptedObjects (7ms)
		BackupInstance (0ms)
		ReleaseScriptingObjects (0ms)
		CreateAndSetChildDomain (56ms)
	RebuildCommonClasses (46ms)
	RebuildNativeTypeToScriptingClass (21ms)
	initialDomainReloadingComplete (37ms)
	LoadAllAssembliesAndSetupDomain (427ms)
		LoadAssemblies (431ms)
		RebuildTransferFunctionScriptingTraits (0ms)
		AnalyzeDomain (125ms)
			TypeCache.Refresh (6ms)
				TypeCache.ScanAssembly (0ms)
			BuildScriptInfoCaches (113ms)
			ResolveRequiredComponents (3ms)
	FinalizeReload (1030ms)
		ReleaseScriptCaches (0ms)
		RebuildScriptCaches (0ms)
		SetupLoadedEditorAssemblies (873ms)
			LogAssemblyErrors (0ms)
			InitializePlatformSupportModulesInManaged (3ms)
			SetLoadedEditorAssemblies (4ms)
			BeforeProcessingInitializeOnLoad (199ms)
			ProcessInitializeOnLoadAttributes (348ms)
			ProcessInitializeOnLoadMethodAttributes (304ms)
			AfterProcessingInitializeOnLoad (15ms)
			EditorAssembliesLoaded (0ms)
		ExecutionOrderSort2 (0ms)
		AwakeInstancesAfterBackupRestoration (10ms)
Refreshing native plugins compatible for Editor in 8.32 ms, found 2 plugins.
Preloading 0 native plugins for Editor in 0.00 ms.
Unloading 0 Unused Serialized files (Serialized files now loaded: 0)
Unloading 2948 unused Assets / (0.6 MB). Loaded Objects now: 3565.
Memory consumption went from 89.2 MB to 88.6 MB.
Total: 18.641300 ms (FindLiveObjects: 0.720000 ms CreateObjectMapping: 0.223500 ms MarkObjects: 16.143000 ms  DeleteObjects: 1.552100 ms)

Prepare: number of updated asset objects reloaded= 0
