[Licensing::Module] Trying to connect to existing licensing client channel...
Built from '6000.3/staging' branch; Version is '6000.3.2f1 (a9779f353c9b) revision 11106207'; Using compiler version '194234433'; Build Type 'Release'
[Licensing::IpcConnector] Successfully connected to: "LicenseClient-tiago" at "2026-01-04T22:17:31.9060278Z"
OS: 'Windows 10  (10.0.19045) 64bit Core' Language: 'en' Physical Memory: 24504 MB
BatchMode: 1, IsHumanControllingUs: 0, StartBugReporterOnCrash: 0, Is64bit: 1
Date: 2026-01-04T22:17:31Z

COMMAND LINE ARGUMENTS:
C:\Program Files\Unity\Hub\Editor\6000.3.2f1\Editor\Unity.exe
-adb2
-batchMode
-noUpm
-name
AssetImportWorker2
-projectPath
C:/Users/tiago/Downloads/Cool-Math-master/Cool-Math-master
-logFile
Logs/AssetImportWorker2.log
-srvPort
61480
-licensingIpc
LicenseClient-tiago
-job-worker-count
5
-background-job-worker-count
8
-gc-helper-count
1
-name
AssetImport
Successfully changed project path to: C:/Users/tiago/Downloads/Cool-Math-master/Cool-Math-master
C:/Users/tiago/Downloads/Cool-Math-master/Cool-Math-master
[UnityMemory] Configuration Parameters - Can be set up in boot.config
    "memorysetup-temp-allocator-size-nav-mesh-worker=65536"
    "memorysetup-temp-allocator-size-audio-worker=65536"
    "memorysetup-temp-allocator-size-gfx=262144"
    "memorysetup-allocator-temp-initial-block-size-main=262144"
    "memorysetup-allocator-temp-initial-block-size-worker=262144"
    "memorysetup-temp-allocator-size-background-worker=32768"
    "memorysetup-temp-allocator-size-job-worker=262144"
    "memorysetup-temp-allocator-size-preload-manager=33554432"
    "memorysetup-temp-allocator-size-gi-baking-worker=262144"
    "memorysetup-temp-allocator-size-gi-baking-worker=262144"
    "memorysetup-temp-allocator-size-gi-baking-worker=262144"
    "memorysetup-temp-allocator-size-gi-baking-worker=262144"
    "memorysetup-temp-allocator-size-gi-baking-worker=262144"
    "memorysetup-bucket-allocator-granularity=16"
    "memorysetup-bucket-allocator-bucket-count=8"
    "memorysetup-bucket-allocator-block-size=33554432"
    "memorysetup-bucket-allocator-block-count=8"
    "memorysetup-main-allocator-block-size=16777216"
    "memorysetup-thread-allocator-block-size=16777216"
    "memorysetup-gfx-main-allocator-block-size=16777216"
    "memorysetup-gfx-thread-allocator-block-size=16777216"
    "memorysetup-cache-allocator-block-size=4194304"
    "memorysetup-typetree-allocator-block-size=2097152"
    "memorysetup-profiler-bucket-allocator-granularity=16"
    "memorysetup-profiler-bucket-allocator-bucket-count=8"
    "memorysetup-profiler-bucket-allocator-block-size=33554432"
    "memorysetup-profiler-bucket-allocator-block-count=8"
    "memorysetup-profiler-allocator-block-size=16777216"
    "memorysetup-profiler-editor-allocator-block-size=1048576"
    "memorysetup-temp-allocator-size-main=16777216"
    "memorysetup-job-temp-allocator-block-size=2097152"
    "memorysetup-job-temp-allocator-block-size-background=1048576"
    "memorysetup-job-temp-allocator-reduction-small-platforms=262144"
    "memorysetup-temp-allocator-size-cloud-worker=32768"
Player connection [28768]  Target information:

Player connection [28768]  * "[IP] 192.168.1.125 [Port] 0 [Flags] 2 [Guid] 1241870508 [EditorId] 1241870508 [Version] 1048832 [Id] WindowsEditor(7,DESKTOP-P65SQTE) [Debug] 1 [PackageName] WindowsEditor [ProjectName] Editor" 

Player connection [28768]  * "[IP] 26.98.8.5 [Port] 0 [Flags] 2 [Guid] 1241870508 [EditorId] 1241870508 [Version] 1048832 [Id] WindowsEditor(7,DESKTOP-P65SQTE) [Debug] 1 [PackageName] WindowsEditor [ProjectName] Editor" 

Player connection [28768] Host joined multi-casting on [225.0.0.222:54997]...
Player connection [28768] Host joined alternative multi-casting on [225.0.0.222:34997]...
JobSystem: Creating JobQueue using job-worker-count value 5
Input System module state changed to: Initialized.
[Physics::Module] Initialized fallback backend.
[Physics::Module] Id: 0xdecafbad
Library Redirect Path: Library/
[Physics::Module] Selected backend.
[Physics::Module] Name: PhysX
[Physics::Module] Id: 0xf2b8ea05
[Physics::Module] SDK Version: 4.1.2
[Physics::Module] Integration Version: 1.0.0
[Physics::Module] Threading Mode: Multi-Threaded
Refreshing native plugins compatible for Editor in 9.74 ms, found 2 plugins.
Preloading 0 native plugins for Editor in 0.00 ms.
Initialize engine version: 6000.3.2f1 (a9779f353c9b)
[Subsystems] Discovering subsystems at path C:/Program Files/Unity/Hub/Editor/6000.3.2f1/Editor/Data/Resources/UnitySubsystems
[Subsystems] Discovering subsystems at path C:/Users/tiago/Downloads/Cool-Math-master/Cool-Math-master/Assets
GfxDevice: creating device client; kGfxThreadingModeNonThreaded
Direct3D:
    Version:  Direct3D 11.0 [level 11.1]
    Renderer: NVIDIA GeForce GTX 1660 (ID=0x2184)
    Vendor:   NVIDIA
    VRAM:     5966 MB
    Driver:   32.0.15.7270
Initialize mono
Mono path[0] = 'C:/Program Files/Unity/Hub/Editor/6000.3.2f1/Editor/Data/Managed'
Mono path[1] = 'C:/Program Files/Unity/Hub/Editor/6000.3.2f1/Editor/Data/MonoBleedingEdge/lib/mono/unityjit-win32'
Mono config path = 'C:/Program Files/Unity/Hub/Editor/6000.3.2f1/Editor/Data/MonoBleedingEdge/etc'
Using monoOptions --debugger-agent=transport=dt_socket,embedding=1,server=y,suspend=n,address=127.0.0.1:56480
Begin MonoManager ReloadAssembly
Registering precompiled unity dll's ...
Register platform support module: C:/Program Files/Unity/Hub/Editor/6000.3.2f1/Editor/Data/PlaybackEngines/WebGLSupport/UnityEditor.WebGL.Extensions.dll
Register platform support module: C:/Program Files/Unity/Hub/Editor/6000.3.2f1/Editor/Data/PlaybackEngines/WindowsStandaloneSupport/UnityEditor.WindowsStandalone.Extensions.dll
Registered in 0.005228 seconds.
[Licensing::Client] Handshaking with LicensingClient:
  Version:                 1.17.4+4293ba1
  Session Id:              c32ce1ba750c4ac0aa0dbf42bb945b75
  Correlation Id:          2de17d29ce0e06c5e74a6bc95d5e9381
  External correlation Id: 64552387377680404
  Machine Id:              Qt0cNjdlk9oRJvfhoDjz0F4mbOM=
[Licensing::Module] Successfully connected to LicensingClient on channel: "LicenseClient-tiago" (connect: 0.00s, validation: 0.00s, handshake: 1.29s)
[Licensing::IpcConnector] Successfully connected to: "LicenseClient-tiago-notifications" at "2026-01-04T22:17:33.1986633Z"
[Licensing::Module] Licensing Background thread has ended after 1.29s
- Loaded All Assemblies, in  0.642 seconds
Native extension for WindowsStandalone target not found
Native extension for WebGL target not found
Mono: successfully reloaded assembly
- Finished resetting the current domain, in  0.514 seconds
Domain Reload Profiling: 1149ms
	BeginReloadAssembly (214ms)
		ExecutionOrderSort (0ms)
		DisableScriptedObjects (0ms)
		BackupInstance (0ms)
		ReleaseScriptingObjects (0ms)
		CreateAndSetChildDomain (1ms)
	RebuildCommonClasses (56ms)
	RebuildNativeTypeToScriptingClass (19ms)
	initialDomainReloadingComplete (76ms)
	LoadAllAssembliesAndSetupDomain (269ms)
		LoadAssemblies (206ms)
		RebuildTransferFunctionScriptingTraits (0ms)
		AnalyzeDomain (265ms)
			TypeCache.Refresh (262ms)
				TypeCache.ScanAssembly (243ms)
			BuildScriptInfoCaches (0ms)
			ResolveRequiredComponents (1ms)
	FinalizeReload (515ms)
		ReleaseScriptCaches (0ms)
		RebuildScriptCaches (0ms)
		SetupLoadedEditorAssemblies (461ms)
			LogAssemblyErrors (0ms)
			InitializePlatformSupportModulesInManaged (61ms)
			SetLoadedEditorAssemblies (4ms)
			BeforeProcessingInitializeOnLoad (117ms)
			ProcessInitializeOnLoadAttributes (190ms)
			ProcessInitializeOnLoadMethodAttributes (90ms)
			AfterProcessingInitializeOnLoad (0ms)
			EditorAssembliesLoaded (0ms)
		ExecutionOrderSort2 (0ms)
		AwakeInstancesAfterBackupRestoration (0ms)
========================================================================
Worker process is ready to serve import requests
Import Worker Mode flag is 0x00
Begin MonoManager ReloadAssembly
[Licensing::Client] Successfully resolved entitlement details
[Licensing::Module] License group:
  Id: F4-GB2H-W646-J46Y-8X5A-XXXX
  Product: Unity Personal
  Type: ULF
  Expiration: Unlimited
[Licensing::Module] License group:
  Id: 6872783435799-UnityPersXXXX
  Product: Unity Personal
  Type: Assigned
  Expiration: Unlimited
Symbol file LoadedFromMemory is not a mono symbol file
- Loaded All Assemblies, in  0.956 seconds
Refreshing native plugins compatible for Editor in 7.27 ms, found 2 plugins.
Native extension for WindowsStandalone target not found
Native extension for WebGL target not found
Refreshing native plugins compatible for Editor in 5.94 ms, found 2 plugins.
Package Manager log level set to [2]
[Package Manager] Failed to launch server process. Reason: Unity was launched with the -noUpm command-line argument
[Package Manager] Unable to send message (not connected to server process).
[Package Manager] Cannot connect to Unity Package Manager local server
Mono: successfully reloaded assembly
- Finished resetting the current domain, in  0.900 seconds
Domain Reload Profiling: 1848ms
	BeginReloadAssembly (307ms)
		ExecutionOrderSort (0ms)
		DisableScriptedObjects (8ms)
		BackupInstance (0ms)
		ReleaseScriptingObjects (0ms)
		CreateAndSetChildDomain (71ms)
	RebuildCommonClasses (59ms)
	RebuildNativeTypeToScriptingClass (19ms)
	initialDomainReloadingComplete (55ms)
	LoadAllAssembliesAndSetupDomain (508ms)
		LoadAssemblies (491ms)
		RebuildTransferFunctionScriptingTraits (0ms)
		AnalyzeDomain (166ms)
			TypeCache.Refresh (122ms)
				TypeCache.ScanAssembly (103ms)
			BuildScriptInfoCaches (38ms)
			ResolveRequiredComponents (3ms)
	FinalizeReload (901ms)
		ReleaseScriptCaches (0ms)
		RebuildScriptCaches (0ms)
		SetupLoadedEditorAssemblies (772ms)
			LogAssemblyErrors (0ms)
			InitializePlatformSupportModulesInManaged (3ms)
			SetLoadedEditorAssemblies (3ms)
			BeforeProcessingInitializeOnLoad (183ms)
			ProcessInitializeOnLoadAttributes (340ms)
			ProcessInitializeOnLoadMethodAttributes (232ms)
			AfterProcessingInitializeOnLoad (12ms)
			EditorAssembliesLoaded (0ms)
		ExecutionOrderSort2 (0ms)
		AwakeInstancesAfterBackupRestoration (6ms)
Launched and connected shader compiler UnityShaderCompiler.exe after 0.01 seconds
Refreshing native plugins compatible for Editor in 8.53 ms, found 2 plugins.
Preloading 0 native plugins for Editor in 0.00 ms.
Unloading 0 Unused Serialized files (Serialized files now loaded: 0)
Unloading 2950 unused Assets / (159.5 KB). Loaded Objects now: 3516.
Memory consumption went from 88.0 MB to 87.8 MB.
Total: 17.232600 ms (FindLiveObjects: 0.612400 ms CreateObjectMapping: 0.215200 ms MarkObjects: 15.248600 ms  DeleteObjects: 1.154400 ms)

========================================================================
Received Import Request.
  Time since last request: 106286.426598 seconds.
  path: Assets/MobileDependencyResolver/Editor/1.2.185/Google.JarResolver.dll
  artifactKey: Guid(459f2b4255ec498caed1c0aeb1bf03a0) Importer(2089858483,b0f066a214c2f5e87bad3c948f4d605d)
Start importing Assets/MobileDependencyResolver/Editor/1.2.185/Google.JarResolver.dll using Guid(459f2b4255ec498caed1c0aeb1bf03a0) Importer(2089858483,b0f066a214c2f5e87bad3c948f4d605d) (ScriptedImporter) -> (artifact id: '799a7385fe9b3821ce9650e698c0e842') in 0.1192617 seconds
Number of updated asset objects reloaded before import = 0Number of asset objects unloaded after import = 0

========================================================================
Received Import Request.
  Time since last request: 0.000019 seconds.
  path: Assets/MobileDependencyResolver/Editor/Google.VersionHandler.dll
  artifactKey: Guid(61c24b9980ea49ae90c8b62fb489de77) Importer(2089858483,b0f066a214c2f5e87bad3c948f4d605d)
Start importing Assets/MobileDependencyResolver/Editor/Google.VersionHandler.dll using Guid(61c24b9980ea49ae90c8b62fb489de77) Importer(2089858483,b0f066a214c2f5e87bad3c948f4d605d) (ScriptedImporter) -> (artifact id: '783208046ac87770bbcdcb6c6f882e67') in 0.01675 seconds
Number of updated asset objects reloaded before import = 0Number of asset objects unloaded after import = 0

========================================================================
Received Import Request.
  Time since last request: 0.000018 seconds.
  path: Assets/MobileDependencyResolver/Editor/Google.VersionHandler.pdb
  artifactKey: Guid(1c9aac8d9a8a4327ab36da49fd34139a) Importer(2089858483,b0f066a214c2f5e87bad3c948f4d605d)
Start importing Assets/MobileDependencyResolver/Editor/Google.VersionHandler.pdb using Guid(1c9aac8d9a8a4327ab36da49fd34139a) Importer(2089858483,b0f066a214c2f5e87bad3c948f4d605d) (ScriptedImporter) -> (artifact id: 'd1d387b8ea37b46bd44d6eebec918118') in 0.015866 seconds
Number of updated asset objects reloaded before import = 0Number of asset objects unloaded after import = 1

========================================================================
Received Import Request.
  Time since last request: 0.000100 seconds.
  path: Assets/MobileDependencyResolver/Editor/CHANGELOG.md
  artifactKey: Guid(15066d50e81445ed9e318d0c2beede4e) Importer(2089858483,b0f066a214c2f5e87bad3c948f4d605d)
Start importing Assets/MobileDependencyResolver/Editor/CHANGELOG.md using Guid(15066d50e81445ed9e318d0c2beede4e) Importer(2089858483,b0f066a214c2f5e87bad3c948f4d605d) (ScriptedImporter) -> (artifact id: '5561ee0cf6745e58719a47716aad47be') in 0.0152335 seconds
Number of updated asset objects reloaded before import = 0Number of asset objects unloaded after import = 1

========================================================================
Received Import Request.
  Time since last request: 0.000050 seconds.
  path: Assets/MobileDependencyResolver/Editor/1.2.185/Google.PackageManagerResolver.dll
  artifactKey: Guid(bf27b3f704244da0af729a6737adb7f1) Importer(2089858483,b0f066a214c2f5e87bad3c948f4d605d)
Start importing Assets/MobileDependencyResolver/Editor/1.2.185/Google.PackageManagerResolver.dll using Guid(bf27b3f704244da0af729a6737adb7f1) Importer(2089858483,b0f066a214c2f5e87bad3c948f4d605d) (ScriptedImporter) -> (artifact id: 'e6a8378b5f9b3add4ee7154ccee40e84') in 0.0173229 seconds
Number of updated asset objects reloaded before import = 0Number of asset objects unloaded after import = 0

========================================================================
Received Prepare
Begin MonoManager ReloadAssembly
Symbol file LoadedFromMemory is not a mono symbol file
- Loaded All Assemblies, in  0.804 seconds
Refreshing native plugins compatible for Editor in 7.51 ms, found 2 plugins.
Native extension for WindowsStandalone target not found
Native extension for WebGL target not found
[Package Manager] Failed to launch server process. Reason: Unity was launched with the -noUpm command-line argument
[Package Manager] Unable to send message (not connected to server process).
[Package Manager] Cannot connect to Unity Package Manager local server
Mono: successfully reloaded assembly
- Finished resetting the current domain, in  1.088 seconds
Domain Reload Profiling: 1887ms
	BeginReloadAssembly (265ms)
		ExecutionOrderSort (0ms)
		DisableScriptedObjects (11ms)
		BackupInstance (0ms)
		ReleaseScriptingObjects (0ms)
		CreateAndSetChildDomain (59ms)
	RebuildCommonClasses (45ms)
	RebuildNativeTypeToScriptingClass (19ms)
	initialDomainReloadingComplete (41ms)
	LoadAllAssembliesAndSetupDomain (428ms)
		LoadAssemblies (453ms)
		RebuildTransferFunctionScriptingTraits (0ms)
		AnalyzeDomain (113ms)
			TypeCache.Refresh (9ms)
				TypeCache.ScanAssembly (0ms)
			BuildScriptInfoCaches (97ms)
			ResolveRequiredComponents (4ms)
	FinalizeReload (1089ms)
		ReleaseScriptCaches (0ms)
		RebuildScriptCaches (0ms)
		SetupLoadedEditorAssemblies (922ms)
			LogAssemblyErrors (0ms)
			InitializePlatformSupportModulesInManaged (4ms)
			SetLoadedEditorAssemblies (5ms)
			BeforeProcessingInitializeOnLoad (228ms)
			ProcessInitializeOnLoadAttributes (393ms)
			ProcessInitializeOnLoadMethodAttributes (279ms)
			AfterProcessingInitializeOnLoad (12ms)
			EditorAssembliesLoaded (0ms)
		ExecutionOrderSort2 (0ms)
		AwakeInstancesAfterBackupRestoration (9ms)
Refreshing native plugins compatible for Editor in 9.16 ms, found 2 plugins.
Preloading 0 native plugins for Editor in 0.00 ms.
Unloading 0 Unused Serialized files (Serialized files now loaded: 0)
Unloading 2948 unused Assets / (253.5 KB). Loaded Objects now: 3519.
Memory consumption went from 88.4 MB to 88.2 MB.
Total: 26.347800 ms (FindLiveObjects: 0.979000 ms CreateObjectMapping: 0.442000 ms MarkObjects: 23.692000 ms  DeleteObjects: 1.232800 ms)

Prepare: number of updated asset objects reloaded= 0
========================================================================
Received Import Request.
  Time since last request: 31.528989 seconds.
  path: Assets/Downloaded/2D GamesAssets_Free
  artifactKey: Guid(181a2447b9e8deb40a9bebb9532807d3) Importer(815301076,1909f56bfc062723c751e8b465ee728b)
Start importing Assets/Downloaded/2D GamesAssets_Free using Guid(181a2447b9e8deb40a9bebb9532807d3) Importer(815301076,1909f56bfc062723c751e8b465ee728b) (PreviewImporter) -> (artifact id: 'ccbbdf5a50bc7b07e9fb79ade068bd0c') in 0.0027229 seconds
Number of updated asset objects reloaded before import = 0Number of asset objects unloaded after import = 0

========================================================================
Received Import Request.
  Time since last request: 0.709485 seconds.
  path: Assets/Downloaded/2D GamesAssets_Free/_Backs
  artifactKey: Guid(c5c39a8311ddb49e0bb39efa7de5c31f) Importer(815301076,1909f56bfc062723c751e8b465ee728b)
Start importing Assets/Downloaded/2D GamesAssets_Free/_Backs using Guid(c5c39a8311ddb49e0bb39efa7de5c31f) Importer(815301076,1909f56bfc062723c751e8b465ee728b) (PreviewImporter) -> (artifact id: 'ae1e5ff74909e93569297f908305e58f') in 0.0006094 seconds
Number of updated asset objects reloaded before import = 0Number of asset objects unloaded after import = 0

========================================================================
Received Import Request.
  Time since last request: 0.041866 seconds.
  path: Assets/Downloaded/2D GamesAssets_Free/_Backs/GrassBand_B.mat
  artifactKey: Guid(783ad259bc5024a0bbed44b0a647206c) Importer(815301076,1909f56bfc062723c751e8b465ee728b)
Start importing Assets/Downloaded/2D GamesAssets_Free/_Backs/GrassBand_B.mat using Guid(783ad259bc5024a0bbed44b0a647206c) Importer(815301076,1909f56bfc062723c751e8b465ee728b) (PreviewImporter) -> (artifact id: '83dc98fb2c4201c291857d6bbcfbf79f') in 0.1573209 seconds
Number of updated asset objects reloaded before import = 0Number of asset objects unloaded after import = 2

========================================================================
Received Import Request.
  Time since last request: 1.774631 seconds.
  path: Assets/Downloaded/2D GamesAssets_Free/_Birds
  artifactKey: Guid(104ab719cd8ae4646afe154dfbfccf34) Importer(815301076,1909f56bfc062723c751e8b465ee728b)
Start importing Assets/Downloaded/2D GamesAssets_Free/_Birds using Guid(104ab719cd8ae4646afe154dfbfccf34) Importer(815301076,1909f56bfc062723c751e8b465ee728b) (PreviewImporter) -> (artifact id: 'f8392ab26a9df3d7b40d810987fa62d3') in 0.0006476 seconds
Number of updated asset objects reloaded before import = 0Number of asset objects unloaded after import = 0

========================================================================
Received Import Request.
  Time since last request: 0.048374 seconds.
  path: Assets/Downloaded/2D GamesAssets_Free/_Birds/Red_A_Frame_01.png
  artifactKey: Guid(e006001488d004dad98af64da273c59d) Importer(815301076,1909f56bfc062723c751e8b465ee728b)
Start importing Assets/Downloaded/2D GamesAssets_Free/_Birds/Red_A_Frame_01.png using Guid(e006001488d004dad98af64da273c59d) Importer(815301076,1909f56bfc062723c751e8b465ee728b) (PreviewImporter) -> (artifact id: '10a38bf1ffee7db7a992d2b119a8ab45') in 0.0407427 seconds
Number of updated asset objects reloaded before import = 0Number of asset objects unloaded after import = 3

========================================================================
Received Import Request.
  Time since last request: 1.937383 seconds.
  path: Assets/Downloaded/2D GamesAssets_Free/_Floors
  artifactKey: Guid(89819746666ee4e2fa970aa608e54e4f) Importer(815301076,1909f56bfc062723c751e8b465ee728b)
Start importing Assets/Downloaded/2D GamesAssets_Free/_Floors using Guid(89819746666ee4e2fa970aa608e54e4f) Importer(815301076,1909f56bfc062723c751e8b465ee728b) (PreviewImporter) -> (artifact id: '2bc059c368175d3596b8cd34722a6fc4') in 0.0006284 seconds
Number of updated asset objects reloaded before import = 0Number of asset objects unloaded after import = 0

========================================================================
Received Import Request.
  Time since last request: 0.050095 seconds.
  path: Assets/Downloaded/2D GamesAssets_Free/_Floors/Grass_S_C.mat
  artifactKey: Guid(941ec21291b8a4423a2a574c9cd020c3) Importer(815301076,1909f56bfc062723c751e8b465ee728b)
Start importing Assets/Downloaded/2D GamesAssets_Free/_Floors/Grass_S_C.mat using Guid(941ec21291b8a4423a2a574c9cd020c3) Importer(815301076,1909f56bfc062723c751e8b465ee728b) (PreviewImporter) -> (artifact id: '31b22ca6aaa9e4baf14b7f8dee0c74ca') in 0.0180395 seconds
Number of updated asset objects reloaded before import = 0Number of asset objects unloaded after import = 2

========================================================================
Received Import Request.
  Time since last request: 1.370257 seconds.
  path: Assets/Downloaded/2D GamesAssets_Free/_Items
  artifactKey: Guid(95a3b83059dc34dde86151a15b40a59e) Importer(815301076,1909f56bfc062723c751e8b465ee728b)
Start importing Assets/Downloaded/2D GamesAssets_Free/_Items using Guid(95a3b83059dc34dde86151a15b40a59e) Importer(815301076,1909f56bfc062723c751e8b465ee728b) (PreviewImporter) -> (artifact id: '6019bc398ead4d932136525d41b90368') in 0.0006522 seconds
Number of updated asset objects reloaded before import = 0Number of asset objects unloaded after import = 0

========================================================================
Received Import Request.
  Time since last request: 0.047972 seconds.
  path: Assets/Downloaded/2D GamesAssets_Free/_Items/Item_Coin_01.mat
  artifactKey: Guid(775604a98f65c47cdbe34ceb5deecbcb) Importer(815301076,1909f56bfc062723c751e8b465ee728b)
Start importing Assets/Downloaded/2D GamesAssets_Free/_Items/Item_Coin_01.mat using Guid(775604a98f65c47cdbe34ceb5deecbcb) Importer(815301076,1909f56bfc062723c751e8b465ee728b) (PreviewImporter) -> (artifact id: 'a356eb4dc390c8daa180167654f4b45a') in 0.0246144 seconds
Number of updated asset objects reloaded before import = 0Number of asset objects unloaded after import = 2

========================================================================
Received Import Request.
  Time since last request: 0.000020 seconds.
  path: Assets/Downloaded/2D GamesAssets_Free/_Items/Item_Heart_01.png
  artifactKey: Guid(e3781136f85954e14b8de36fc12d45ac) Importer(815301076,1909f56bfc062723c751e8b465ee728b)
Start importing Assets/Downloaded/2D GamesAssets_Free/_Items/Item_Heart_01.png using Guid(e3781136f85954e14b8de36fc12d45ac) Importer(815301076,1909f56bfc062723c751e8b465ee728b) (PreviewImporter) -> (artifact id: '2edfabbf59c1e89da88efd2236f6d265') in 0.0281385 seconds
Number of updated asset objects reloaded before import = 0Number of asset objects unloaded after import = 3

========================================================================
Received Import Request.
  Time since last request: 1.376789 seconds.
  path: Assets/Downloaded/2D GamesAssets_Free/_Nature
  artifactKey: Guid(c04b66d0aa9e1461d9e7b2d45f1430ec) Importer(815301076,1909f56bfc062723c751e8b465ee728b)
Start importing Assets/Downloaded/2D GamesAssets_Free/_Nature using Guid(c04b66d0aa9e1461d9e7b2d45f1430ec) Importer(815301076,1909f56bfc062723c751e8b465ee728b) (PreviewImporter) -> (artifact id: '423bba27832605dbe04b2f6780bf8464') in 0.0006394 seconds
Number of updated asset objects reloaded before import = 0Number of asset objects unloaded after import = 0

========================================================================
Received Import Request.
  Time since last request: 0.046613 seconds.
  path: Assets/Downloaded/2D GamesAssets_Free/_Nature/Grass_B.mat
  artifactKey: Guid(8e170904a5df24e539b06b6035613877) Importer(815301076,1909f56bfc062723c751e8b465ee728b)
Start importing Assets/Downloaded/2D GamesAssets_Free/_Nature/Grass_B.mat using Guid(8e170904a5df24e539b06b6035613877) Importer(815301076,1909f56bfc062723c751e8b465ee728b) (PreviewImporter) -> (artifact id: '3addd1ff6a2cc2c2e4b0226c1b320eb4') in 0.0171444 seconds
Number of updated asset objects reloaded before import = 0Number of asset objects unloaded after import = 2

========================================================================
Received Import Request.
  Time since last request: 0.000020 seconds.
  path: Assets/Downloaded/2D GamesAssets_Free/_Nature/Tree_I.mat
  artifactKey: Guid(400ddb17623c6450c95534dfba194983) Importer(815301076,1909f56bfc062723c751e8b465ee728b)
Start importing Assets/Downloaded/2D GamesAssets_Free/_Nature/Tree_I.mat using Guid(400ddb17623c6450c95534dfba194983) Importer(815301076,1909f56bfc062723c751e8b465ee728b) (PreviewImporter) -> (artifact id: 'c8881cd08a237c7ec7cc788d77ed06b0') in 0.0194692 seconds
Number of updated asset objects reloaded before import = 0Number of asset objects unloaded after import = 2

========================================================================
Received Import Request.
  Time since last request: 0.000021 seconds.
  path: Assets/Downloaded/2D GamesAssets_Free/_Nature/Tree_J.png
  artifactKey: Guid(5bcd71529439944e3b226040260e5e88) Importer(815301076,1909f56bfc062723c751e8b465ee728b)
Start importing Assets/Downloaded/2D GamesAssets_Free/_Nature/Tree_J.png using Guid(5bcd71529439944e3b226040260e5e88) Importer(815301076,1909f56bfc062723c751e8b465ee728b) (PreviewImporter) -> (artifact id: '3e3823d729a67ff7d56e02f8eafd7fa5') in 0.0223285 seconds
Number of updated asset objects reloaded before import = 0Number of asset objects unloaded after import = 3

========================================================================
Received Import Request.
  Time since last request: 0.000019 seconds.
  path: Assets/Downloaded/2D GamesAssets_Free/_Nature/Trees_A.png
  artifactKey: Guid(ca9dbaeb4d25f4f0dac2042189837d3d) Importer(815301076,1909f56bfc062723c751e8b465ee728b)
Start importing Assets/Downloaded/2D GamesAssets_Free/_Nature/Trees_A.png using Guid(ca9dbaeb4d25f4f0dac2042189837d3d) Importer(815301076,1909f56bfc062723c751e8b465ee728b) (PreviewImporter) -> (artifact id: '73446fcdc46222fd10c52a4f06b080d5') in 0.0268514 seconds
Number of updated asset objects reloaded before import = 0Number of asset objects unloaded after import = 3

========================================================================
Received Import Request.
  Time since last request: 0.000020 seconds.
  path: Assets/Downloaded/2D GamesAssets_Free/_Nature/Tree_K.png
  artifactKey: Guid(17f93b5a682d44fd09327707824aa476) Importer(815301076,1909f56bfc062723c751e8b465ee728b)
Start importing Assets/Downloaded/2D GamesAssets_Free/_Nature/Tree_K.png using Guid(17f93b5a682d44fd09327707824aa476) Importer(815301076,1909f56bfc062723c751e8b465ee728b) (PreviewImporter) -> (artifact id: '5a291005dd23f68f8017c5859c48d292') in 0.0329239 seconds
Number of updated asset objects reloaded before import = 0Number of asset objects unloaded after import = 3

========================================================================
Received Import Request.
  Time since last request: 4.120312 seconds.
  path: Assets/Downloaded/Gui/Cartoon Button
  artifactKey: Guid(85d7f33dde4e874469556cdb836761e4) Importer(815301076,1909f56bfc062723c751e8b465ee728b)
Start importing Assets/Downloaded/Gui/Cartoon Button using Guid(85d7f33dde4e874469556cdb836761e4) Importer(815301076,1909f56bfc062723c751e8b465ee728b) (PreviewImporter) -> (artifact id: 'be4cc4ba7c59970da1e1a951b6cd7ac9') in 0.0006565 seconds
Number of updated asset objects reloaded before import = 0Number of asset objects unloaded after import = 0

========================================================================
Received Import Request.
  Time since last request: 0.047729 seconds.
  path: Assets/Downloaded/Gui/Cartoon Button/GUI.psd
  artifactKey: Guid(10a6894ce318b58469f6eb116f106dcc) Importer(815301076,1909f56bfc062723c751e8b465ee728b)
Start importing Assets/Downloaded/Gui/Cartoon Button/GUI.psd using Guid(10a6894ce318b58469f6eb116f106dcc) Importer(815301076,1909f56bfc062723c751e8b465ee728b) (PreviewImporter) -> (artifact id: 'ee1d9a6e69fb7f16e99b96e773226808') in 0.0517337 seconds
Number of updated asset objects reloaded before import = 0Number of asset objects unloaded after import = 2

========================================================================
Received Import Request.
  Time since last request: 2.786095 seconds.
  path: Assets/Downloaded/Gui/Cartoon Button/Icon
  artifactKey: Guid(1f9b751273ed3a94fbd382bc882f38e1) Importer(815301076,1909f56bfc062723c751e8b465ee728b)
Start importing Assets/Downloaded/Gui/Cartoon Button/Icon using Guid(1f9b751273ed3a94fbd382bc882f38e1) Importer(815301076,1909f56bfc062723c751e8b465ee728b) (PreviewImporter) -> (artifact id: 'eb765cf1558ee3b8a0b7e4f3d40c65c6') in 0.0006535 seconds
Number of updated asset objects reloaded before import = 0Number of asset objects unloaded after import = 0

========================================================================
Received Import Request.
  Time since last request: 0.095288 seconds.
  path: Assets/Downloaded/Gui/Cartoon Button/Icon/Icon_19.png
  artifactKey: Guid(372f88544866a354a856701aac6e42df) Importer(815301076,1909f56bfc062723c751e8b465ee728b)
Start importing Assets/Downloaded/Gui/Cartoon Button/Icon/Icon_19.png using Guid(372f88544866a354a856701aac6e42df) Importer(815301076,1909f56bfc062723c751e8b465ee728b) (PreviewImporter) -> (artifact id: '13b12ea472a6db69e7c780913d2df2e6') in 0.0220004 seconds
Number of updated asset objects reloaded before import = 0Number of asset objects unloaded after import = 3

========================================================================
Received Import Request.
  Time since last request: 0.000023 seconds.
  path: Assets/Downloaded/Gui/Cartoon Button/Icon/Icon_22.png
  artifactKey: Guid(2182d37d43ad27e45abb4caf0477e285) Importer(815301076,1909f56bfc062723c751e8b465ee728b)
Start importing Assets/Downloaded/Gui/Cartoon Button/Icon/Icon_22.png using Guid(2182d37d43ad27e45abb4caf0477e285) Importer(815301076,1909f56bfc062723c751e8b465ee728b) (PreviewImporter) -> (artifact id: 'abca51a31de029a7d4b485d6ed87ef05') in 0.0231321 seconds
Number of updated asset objects reloaded before import = 0Number of asset objects unloaded after import = 3

========================================================================
Received Import Request.
  Time since last request: 0.929642 seconds.
  path: Assets/Downloaded/Gui/Cartoon Button/Icon/Circle
  artifactKey: Guid(3b1fe4edbf01a8d43854e17ff038ab2e) Importer(815301076,1909f56bfc062723c751e8b465ee728b)
Start importing Assets/Downloaded/Gui/Cartoon Button/Icon/Circle using Guid(3b1fe4edbf01a8d43854e17ff038ab2e) Importer(815301076,1909f56bfc062723c751e8b465ee728b) (PreviewImporter) -> (artifact id: '94959606eef618d7757bb6d53ad9b581') in 0.0006455 seconds
Number of updated asset objects reloaded before import = 0Number of asset objects unloaded after import = 0

========================================================================
Received Import Request.
  Time since last request: 0.063328 seconds.
  path: Assets/Downloaded/Gui/Cartoon Button/Icon/Circle/Icon_1.png
  artifactKey: Guid(da4963d9fa211be429692241f2a37045) Importer(815301076,1909f56bfc062723c751e8b465ee728b)
Start importing Assets/Downloaded/Gui/Cartoon Button/Icon/Circle/Icon_1.png using Guid(da4963d9fa211be429692241f2a37045) Importer(815301076,1909f56bfc062723c751e8b465ee728b) (PreviewImporter) -> (artifact id: 'f69548d8ae46de7a91a2eac2dc10746b') in 0.0235822 seconds
Number of updated asset objects reloaded before import = 0Number of asset objects unloaded after import = 3

========================================================================
Received Import Request.
  Time since last request: 0.000025 seconds.
  path: Assets/Downloaded/Gui/Cartoon Button/Icon/Circle/Icon_13.png
  artifactKey: Guid(914bd39f01d31e145bd8e4f61fa4cb85) Importer(815301076,1909f56bfc062723c751e8b465ee728b)
Start importing Assets/Downloaded/Gui/Cartoon Button/Icon/Circle/Icon_13.png using Guid(914bd39f01d31e145bd8e4f61fa4cb85) Importer(815301076,1909f56bfc062723c751e8b465ee728b) (PreviewImporter) -> (artifact id: '46115c4fffc1ed5a92be1f888c8235c5') in 0.0349019 seconds
Number of updated asset objects reloaded before import = 0Number of asset objects unloaded after import = 3

========================================================================
Received Import Request.
  Time since last request: 0.000032 seconds.
  path: Assets/Downloaded/Gui/Cartoon Button/Icon/Circle/Icon_11.png
  artifactKey: Guid(f60d3a11286ffbf46b3b70345daa586a) Importer(815301076,1909f56bfc062723c751e8b465ee728b)
Start importing Assets/Downloaded/Gui/Cartoon Button/Icon/Circle/Icon_11.png using Guid(f60d3a11286ffbf46b3b70345daa586a) Importer(815301076,1909f56bfc062723c751e8b465ee728b) (PreviewImporter) -> (artifact id: '368ca4f4166e755946a5a0002bc4a8fe') in 0.0330082 seconds
Number of updated asset objects reloaded before import = 0Number of asset objects unloaded after import = 3

========================================================================
Received Import Request.
  Time since last request: 0.000027 seconds.
  path: Assets/Downloaded/Gui/Cartoon Button/Icon/Circle/Icon_9.png
  artifactKey: Guid(248268c92f810d04b8bc943b40fbc22a) Importer(815301076,1909f56bfc062723c751e8b465ee728b)
Start importing Assets/Downloaded/Gui/Cartoon Button/Icon/Circle/Icon_9.png using Guid(248268c92f810d04b8bc943b40fbc22a) Importer(815301076,1909f56bfc062723c751e8b465ee728b) (PreviewImporter) -> (artifact id: '120d42eaa18fa06ba2a8eae7aebd18ad') in 0.0302993 seconds
Number of updated asset objects reloaded before import = 0Number of asset objects unloaded after import = 3

========================================================================
Received Import Request.
  Time since last request: 0.000018 seconds.
  path: Assets/Downloaded/Gui/Cartoon Button/Icon/Circle/Icon_14.png
  artifactKey: Guid(d94ad7289acb72a4ca450ec8f9cc209c) Importer(815301076,1909f56bfc062723c751e8b465ee728b)
Start importing Assets/Downloaded/Gui/Cartoon Button/Icon/Circle/Icon_14.png using Guid(d94ad7289acb72a4ca450ec8f9cc209c) Importer(815301076,1909f56bfc062723c751e8b465ee728b) (PreviewImporter) -> (artifact id: 'eba21ac71075136ee7b1a36d8d32eb08') in 0.0392036 seconds
Number of updated asset objects reloaded before import = 0Number of asset objects unloaded after import = 3

========================================================================
Received Import Request.
  Time since last request: 0.000028 seconds.
  path: Assets/Downloaded/Gui/Cartoon Button/Icon/Circle/Icon_16.png
  artifactKey: Guid(7c10f38669da8c14ebebcd1329bc2805) Importer(815301076,1909f56bfc062723c751e8b465ee728b)
Start importing Assets/Downloaded/Gui/Cartoon Button/Icon/Circle/Icon_16.png using Guid(7c10f38669da8c14ebebcd1329bc2805) Importer(815301076,1909f56bfc062723c751e8b465ee728b) (PreviewImporter) -> (artifact id: '70faeb172721a4ab03917c52b4b8b0d2') in 0.0275386 seconds
Number of updated asset objects reloaded before import = 0Number of asset objects unloaded after import = 3

========================================================================
Received Prepare
Begin MonoManager ReloadAssembly
[Licensing::Client] Successfully resolved entitlement details
[Licensing::Module] License group:
  Id: F4-GB2H-W646-J46Y-8X5A-XXXX
  Product: Unity Personal
  Type: ULF
  Expiration: Unlimited
[Licensing::Module] License group:
  Id: 6872783435799-UnityPersXXXX
  Product: Unity Personal
  Type: Assigned
  Expiration: Unlimited
Symbol file LoadedFromMemory is not a mono symbol file
- Loaded All Assemblies, in  0.780 seconds
Refreshing native plugins compatible for Editor in 6.69 ms, found 2 plugins.
Native extension for WindowsStandalone target not found
Native extension for WebGL target not found
[Package Manager] Failed to launch server process. Reason: Unity was launched with the -noUpm command-line argument
[Package Manager] Unable to send message (not connected to server process).
[Package Manager] Cannot connect to Unity Package Manager local server
Mono: successfully reloaded assembly
- Finished resetting the current domain, in  1.020 seconds
Domain Reload Profiling: 1796ms
	BeginReloadAssembly (256ms)
		ExecutionOrderSort (0ms)
		DisableScriptedObjects (9ms)
		BackupInstance (0ms)
		ReleaseScriptingObjects (0ms)
		CreateAndSetChildDomain (56ms)
	RebuildCommonClasses (46ms)
	RebuildNativeTypeToScriptingClass (22ms)
	initialDomainReloadingComplete (37ms)
	LoadAllAssembliesAndSetupDomain (413ms)
		LoadAssemblies (431ms)
		RebuildTransferFunctionScriptingTraits (0ms)
		AnalyzeDomain (113ms)
			TypeCache.Refresh (6ms)
				TypeCache.ScanAssembly (0ms)
			BuildScriptInfoCaches (99ms)
			ResolveRequiredComponents (4ms)
	FinalizeReload (1023ms)
		ReleaseScriptCaches (0ms)
		RebuildScriptCaches (0ms)
		SetupLoadedEditorAssemblies (868ms)
			LogAssemblyErrors (0ms)
			InitializePlatformSupportModulesInManaged (3ms)
			SetLoadedEditorAssemblies (5ms)
			BeforeProcessingInitializeOnLoad (200ms)
			ProcessInitializeOnLoadAttributes (356ms)
			ProcessInitializeOnLoadMethodAttributes (287ms)
			AfterProcessingInitializeOnLoad (16ms)
			EditorAssembliesLoaded (0ms)
		ExecutionOrderSort2 (0ms)
		AwakeInstancesAfterBackupRestoration (8ms)
Refreshing native plugins compatible for Editor in 8.96 ms, found 2 plugins.
Preloading 0 native plugins for Editor in 0.00 ms.
Unloading 0 Unused Serialized files (Serialized files now loaded: 0)
Unloading 2948 unused Assets / (0.8 MB). Loaded Objects now: 3567.
Memory consumption went from 89.1 MB to 88.3 MB.
Total: 18.513900 ms (FindLiveObjects: 0.835100 ms CreateObjectMapping: 0.220300 ms MarkObjects: 15.923500 ms  DeleteObjects: 1.533500 ms)

Prepare: number of updated asset objects reloaded= 0
